15:54:54 **** Incremental Build of configuration debug for project veins_catch ****
make MODE=debug all 
make[1]: Entering directory '/home/kevin/src/plexe-veins/subprojects/veins_catch/src'
LocalPlatoonPositionHelperTest.cc
LocalPlatoonPositionHelperTest.cc:3:87: fatal error: veins/modules/application/platooning/utilities/LocalPlatoonPositionHelper.h: No such file or directory
compilation terminated.
make[1]: *** [../out/gcc-debug/src/LocalPlatoonPositionHelperTest.o] Error 1
make: *** [all] Error 2
Makefile:101: recipe for target '../out/gcc-debug/src/LocalPlatoonPositionHelperTest.o' failed
make[1]: Leaving directory '/home/kevin/src/plexe-veins/subprojects/veins_catch/src'
Makefile:5: recipe for target 'all' failed
15:54:54 **** Build of configuration gcc-debug for project veins_inet ****
make MODE=debug all 
make[1]: Entering directory '/home/kevin/src/plexe-veins/subprojects/veins_inet/src'
veins_inet/VeinsInetManager.cc
In file included from veins_inet/VeinsInetManager.cc:21:0:
./veins_inet/VeinsInetManager.h:26:70: fatal error: veins/modules/mobility/traci/TraCIScenarioManagerLaunchd.h: No such file or directory
compilation terminated.
Makefile:90: recipe for target '../out/gcc-debug/src/veins_inet/VeinsInetManager.o' failed
make[1]: Leaving directory '/home/kevin/src/plexe-veins/subprojects/veins_inet/src'
make[1]: *** [../out/gcc-debug/src/veins_inet/VeinsInetManager.o] Error 1
make: *** [all] Error 2
Makefile:12: recipe for target 'all' failed
15:54:55 **** Incremental Build of configuration gcc-debug for project plexe-veins ****
make MODE=debug all 
make[1]: Entering directory '/home/kevin/src/plexe-veins/src'
Creating shared library: ../out/gcc-debug/src/libveins.so
/usr/bin/ld: cannot find -lveins_catch
/usr/bin/ld: cannot find -lveins_inet
collect2: error: ld returned 1 exit status
Makefile:244: recipe for target '../out/gcc-debug/src/libveins.so' failed
make[1]: Leaving directory '/home/kevin/src/plexe-veins/src'
Makefile:12: recipe for target 'all' failed
make[1]: *** [../out/gcc-debug/src/libveins.so] Error 1
make: *** [all] Error 2
